-------------------------------------------------------------------------------
Test set: cucumber.Options.TestRunner
-------------------------------------------------------------------------------
Tests run: 4, Failures: 1, Errors: 0, Skipped: 0, Time elapsed: 32.19 s <<< FAILURE! -- in cucumber.Options.TestRunner
Test the Add/update/Delete place API.validate the Add Place Api with wrong test data -- Time elapsed: 2.269 s <<< FAILURE!
java.lang.AssertionError: Status code mismatch expected:<200> but was:<404>
	at org.junit.Assert.fail(Assert.java:89)
	at org.junit.Assert.failNotEquals(Assert.java:835)
	at org.junit.Assert.assertEquals(Assert.java:647)
	at stepdefinitions.GoogleApiTestingSteps.validate_whether_the_reponse_is(GoogleApiTestingSteps.java:87)
	at ✽.validate whether the reponse is 200(file:///C:/Users/Vamsi/RESTAPIAutomationFramework/APIAutomation/src/test/java/features/GoogleAPITestng.feature:32)

